CRITICAL - 2026-06-19 22:53:10 --> ErrorException: Constant expression contains invalid operations
[Method: GET, Route: /]
in APPPATH/Config/Database.php on line 59.
 1 [internal function]: CodeIgniter\Debug\Exceptions->shutdownHandler()
CRITICAL - 2026-06-19 22:57:02 --> Error: Undefined constant "Config\D7E6F5A4B3C2D1E0F9G8H7I6J5K4L3M2"
[Method: GET, Route: /]
in SYSTEMPATH/Database/Config.php on line 96.
 1 SYSTEMPATH/Debug/Toolbar/Collectors/Database.php(255): CodeIgniter\Database\Config::getConnections()
 2 SYSTEMPATH/Debug/Toolbar/Collectors/Database.php(75): CodeIgniter\Debug\Toolbar\Collectors\Database->getConnections()
 3 SYSTEMPATH/Debug/Toolbar.php(67): CodeIgniter\Debug\Toolbar\Collectors\Database->__construct()
 4 SYSTEMPATH/Config/Services.php(804): CodeIgniter\Debug\Toolbar->__construct(Object(Config\Toolbar))
 5 SYSTEMPATH/Config/BaseService.php(325): CodeIgniter\Config\Services::toolbar(Object(Config\Toolbar), false)
 6 SYSTEMPATH/Config/BaseService.php(264): CodeIgniter\Config\BaseService::__callStatic('toolbar', [...])
 7 SYSTEMPATH/Config/Services.php(799): CodeIgniter\Config\BaseService::getSharedInstance('toolbar', null)
 8 SYSTEMPATH/Config/BaseService.php(334): CodeIgniter\Config\Services::toolbar()
 9 SYSTEMPATH/Config/BaseService.php(203): CodeIgniter\Config\BaseService::__callStatic('toolbar', [])
10 SYSTEMPATH/Common.php(1082): CodeIgniter\Config\BaseService::get('toolbar')
11 APPPATH/Config/Events.php(49): service('toolbar')
12 SYSTEMPATH/Events/Events.php(152): CodeIgniter\Events\Events::Config\{closure}()
13 SYSTEMPATH/CodeIgniter.php(348): CodeIgniter\Events\Events::trigger('pre_system')
14 SYSTEMPATH/Boot.php(417): CodeIgniter\CodeIgniter->run()
15 SYSTEMPATH/Boot.php(68): CodeIgniter\Boot::runCodeIgniter(Object(CodeIgniter\CodeIgniter))
16 FCPATH/index.php(61): CodeIgniter\Boot::bootWeb(Object(Config\Paths))
